#
# There is insufficient memory for the Java Runtime Environment to continue.
# Native memory allocation (malloc) failed to allocate 551640 bytes. Error detail: Chunk::new
# Possible reasons:
#   The system is out of physical RAM or swap space
#   This process is running with CompressedOops enabled, and the Java Heap may be blocking the growth of the native heap
# Possible solutions:
#   Reduce memory load on the system
#   Increase physical memory or swap space
#   Check if swap backing store is full
#   Decrease Java heap size (-Xmx/-Xms)
#   Decrease number of Java threads
#   Decrease Java thread stack sizes (-Xss)
#   Set larger code cache with -XX:ReservedCodeCacheSize=
#   JVM is running with Zero Based Compressed Oops mode in which the Java heap is
#     placed in the first 32GB address space. The Java Heap base address is the
#     maximum limit for the native heap growth. Please use -XX:HeapBaseMinAddress
#     to set the Java Heap base and to place the Java Heap above 32GB virtual address.
# This output file may be truncated or incomplete.
#
#  Out of Memory Error (arena.cpp:186), pid=14172, tid=19296
#
# JRE version: OpenJDK Runtime Environment Temurin-25.0.1+8 (25.0.1+8) (build 25.0.1+8-LTS)
# Java VM: OpenJDK 64-Bit Server VM Temurin-25.0.1+8 (25.0.1+8-LTS, mixed mode, sharing, tiered, compressed oops, compressed class ptrs, g1 gc, windows-amd64)
# No core dump will be written. Minidumps are not enabled by default on client versions of Windows
#

---------------  S U M M A R Y ------------

Command Line: --enable-native-access=ALL-UNNAMED -Dclassworlds.conf=F:\Programs\Apache NetBeans\java\maven\bin\m2.conf -Dmaven.home=F:\Programs\Apache NetBeans\java\maven -Dlibrary.jansi.path=F:\Programs\Apache NetBeans\java\maven\lib\jansi-native -Dmaven.multiModuleProjectDirectory=F:\Faris\NetbeansProject\InventoriKu org.codehaus.plexus.classworlds.launcher.Launcher -Dexec.vmArgs= -Dexec.args=${exec.vmArgs} -classpath %classpath ${exec.mainClass} ${exec.appArgs} -Dexec.appArgs= -Dexec.mainClass=Main.Main -Dexec.executable=F:\Programs\Apache NetBeans\jdk\bin\java.exe -Dmaven.ext.class.path=F:\Programs\Apache NetBeans\java\maven-nblib\netbeans-eventspy.jar --no-transfer-progress process-classes org.codehaus.mojo:exec-maven-plugin:3.5.1:exec

Host: 11th Gen Intel(R) Core(TM) i3-1115G4 @ 3.00GHz, 4 cores, 11G,  Windows 11 , 64 bit Build 22621 (10.0.22621.5415)
Time: Sat May 23 15:54:57 2026 SE Asia Standard Time elapsed time: 0.155638 seconds (0d 0h 0m 0s)

---------------  T H R E A D  ---------------

Current thread (0x000001b473b8f900):  JavaThread "C2 CompilerThread0" daemon [_thread_in_native, id=19296, stack(0x0000002ab0200000,0x0000002ab0300000) (1024K)]


Current CompileTask:
C2:155  522       4       java.lang.StringLatin1::lastIndexOf (40 bytes)

Stack: [0x0000002ab0200000,0x0000002ab0300000]
Native frames: (J=compiled Java code, j=interpreted, Vv=VM code, C=native code)
V  [jvm.dll+0x7a8379]  (no source info available)
V  [jvm.dll+0x7729fd]  (no source info available)
V  [jvm.dll+0x9f57b3]  (no source info available)
V  [jvm.dll+0x9f7da1]  (no source info available)
V  [jvm.dll+0x9f84a3]  (no source info available)
V  [jvm.dll+0x2fcd26]  (no source info available)
V  [jvm.dll+0x111086]  (no source info available)
V  [jvm.dll+0x1113ae]  (no source info available)
V  [jvm.dll+0x1a01a2]  (no source info available)
V  [jvm.dll+0x3b5e72]  (no source info available)
V  [jvm.dll+0x7adcec]  (no source info available)
V  [jvm.dll+0x2c0327]  (no source info available)
V  [jvm.dll+0x2bf2ef]  (no source info available)
V  [jvm.dll+0x237300]  (no source info available)
V  [jvm.dll+0x2cf386]  (no source info available)
V  [jvm.dll+0x2cd60a]  (no source info available)
V  [jvm.dll+0x48f64e]  (no source info available)
V  [jvm.dll+0x99630d]  (no source info available)
V  [jvm.dll+0x7a6955]  (no source info available)
C  [ucrtbase.dll+0x29333]  (no source info available)
C  [KERNEL32.DLL+0x1259d]  (no source info available)
C  [ntdll.dll+0x5af78]  (no source info available)

Lock stack of current Java thread (top to bottom):


---------------  P R O C E S S  ---------------

Threads class SMR info:
_java_thread_list=0x000001b47809ce50, length=12, elements={
0x000001b4561257d0, 0x000001b473b7b280, 0x000001b473b82110, 0x000001b473b880a0,
0x000001b473b88c60, 0x000001b473b8b830, 0x000001b473b8ca00, 0x000001b473b8f900,
0x000001b473b939d0, 0x000001b478097340, 0x000001b47809f7c0, 0x000001b478152820
}

Java Threads: ( => current thread )
  0x000001b4561257d0 JavaThread "main"                              [_thread_in_vm, id=18180, stack(0x0000002aaf400000,0x0000002aaf500000) (1024K)]
  0x000001b473b7b280 JavaThread "Reference Handler"          daemon [_thread_blocked, id=12256, stack(0x0000002aafc00000,0x0000002aafd00000) (1024K)]
  0x000001b473b82110 JavaThread "Finalizer"                  daemon [_thread_blocked, id=16284, stack(0x0000002aafd00000,0x0000002aafe00000) (1024K)]
  0x000001b473b880a0 JavaThread "Signal Dispatcher"          daemon [_thread_blocked, id=7672, stack(0x0000002aafe00000,0x0000002aaff00000) (1024K)]
  0x000001b473b88c60 JavaThread "Attach Listener"            daemon [_thread_blocked, id=14332, stack(0x0000002aaff00000,0x0000002ab0000000) (1024K)]
  0x000001b473b8b830 JavaThread "Service Thread"             daemon [_thread_blocked, id=13432, stack(0x0000002ab0000000,0x0000002ab0100000) (1024K)]
  0x000001b473b8ca00 JavaThread "Monitor Deflation Thread"   daemon [_thread_blocked, id=11340, stack(0x0000002ab0100000,0x0000002ab0200000) (1024K)]
=>0x000001b473b8f900 JavaThread "C2 CompilerThread0"         daemon [_thread_in_native, id=19296, stack(0x0000002ab0200000,0x0000002ab0300000) (1024K)]
  0x000001b473b939d0 JavaThread "C1 CompilerThread0"         daemon [_thread_in_native, id=3940, stack(0x0000002ab0300000,0x0000002ab0400000) (1024K)]
  0x000001b478097340 JavaThread "Notification Thread"        daemon [_thread_blocked, id=18624, stack(0x0000002ab0400000,0x0000002ab0500000) (1024K)]
  0x000001b47809f7c0 JavaThread "Common-Cleaner"             daemon [_thread_blocked, id=18348, stack(0x0000002ab0500000,0x0000002ab0600000) (1024K)]
  0x000001b478152820 JavaThread "C2 CompilerThread1"         daemon [_thread_in_native, id=10664, stack(0x0000002ab0600000,0x0000002ab0700000) (1024K)]
Total: 12

Other Threads:
  0x000001b4561dd070 VMThread "VM Thread"                           [id=16392, stack(0x0000002aafb00000,0x0000002aafc00000) (1024K)]
  0x000001b473b6d970 WatcherThread "VM Periodic Task Thread"        [id=11580, stack(0x0000002aafa00000,0x0000002aafb00000) (1024K)]
  0x000001b456179060 WorkerThread "GC Thread#0"                     [id=15708, stack(0x0000002aaf500000,0x0000002aaf600000) (1024K)]
  0x000001b45618bd90 ConcurrentGCThread "G1 Main Marker"            [id=11788, stack(0x0000002aaf600000,0x0000002aaf700000) (1024K)]
  0x000001b45618d8e0 WorkerThread "G1 Conc#0"                       [id=14236, stack(0x0000002aaf700000,0x0000002aaf800000) (1024K)]
  0x000001b4561baed0 ConcurrentGCThread "G1 Refine#0"               [id=13852, stack(0x0000002aaf800000,0x0000002aaf900000) (1024K)]
  0x000001b4561bcaf0 ConcurrentGCThread "G1 Service"                [id=15944, stack(0x0000002aaf900000,0x0000002aafa00000) (1024K)]
Total: 7

Threads with active compile tasks:
C2 CompilerThread0  168  522       4       java.lang.StringLatin1::lastIndexOf (40 bytes)
C1 CompilerThread0  168  508       3       jdk.internal.classfile.impl.StackMapGenerator::processBlock (2767 bytes)
C2 CompilerThread1  168  544       4       java.util.Objects::requireNonNull (14 bytes)
Total: 3

VM state: not at safepoint (normal execution)

VM Mutex/Monitor currently owned by a thread: None

Heap address: 0x0000000743600000, size: 3018 MB, Compressed Oops mode: Zero based, Oop shift amount: 3

CDS archive(s) mapped at: [0x0000000081000000-0x0000000081dd0000-0x0000000081dd0000), size 14483456, SharedBaseAddress: 0x0000000081000000, ArchiveRelocationMode: 1.
Compressed class space mapped at: 0x0000000082000000-0x00000000c2000000, reserved size: 1073741824
UseCompressedClassPointers 1, UseCompactObjectHeaders 0
Narrow klass pointer bits 32, Max shift 3
Narrow klass base: 0x0000000081000000, Narrow klass shift: 0
Encoding Range: [0x0000000081000000 - 0x0000000181000000), (4294967296 bytes)
Klass Range:    [0x0000000081010000 - 0x00000000c2000000), (1090453504 bytes)
Klass ID Range:  [65536 - 1090519033) (1090453497)
Protection zone: [0x0000000081000000 - 0x0000000081010000), (65536 bytes)

GC Precious Log:
 CardTable entry size: 512
 Card Set container configuration: InlinePtr #cards 4 size 8 Array Of Cards #cards 16 size 48 Howl #buckets 8 coarsen threshold 3686 Howl Bitmap #cards 512 size 80 coarsen threshold 460 Card regions per heap region 1 cards per card region 4096
 CPUs: 4 total, 4 available
 Memory: 12071M
 Large Page Support: Disabled
 NUMA Support: Disabled
 Compressed Oops: Enabled (Zero based)
 Heap Region Size: 2M
 Heap Min Capacity: 8M
 Heap Initial Capacity: 190M
 Heap Max Capacity: 3018M
 Pre-touch: Disabled
 Parallel Workers: 4
 Concurrent Workers: 1
 Concurrent Refinement Workers: 4
 Periodic GC: Disabled

Heap:
 garbage-first heap   total reserved 3090432K, committed 196608K, used 7315K [0x0000000743600000, 0x0000000800000000)
  region size 2048K, 4 young (8192K), 0 survivors (0K)

Heap Regions: E=young(eden), S=young(survivor), O=old, HS=humongous(starts), HC=humongous(continues), CS=collection set, F=free, TAMS=top-at-mark-start, PB=parsable bottom
|   0|0x0000000743600000, 0x0000000743600000, 0x0000000743800000|  0%| F|  |TAMS 0x0000000743600000| PB 0x0000000743600000| Untracked |  0
|   1|0x0000000743800000, 0x0000000743800000, 0x0000000743a00000|  0%| F|  |TAMS 0x0000000743800000| PB 0x0000000743800000| Untracked |  0
|   2|0x0000000743a00000, 0x0000000743a00000, 0x0000000743c00000|  0%| F|  |TAMS 0x0000000743a00000| PB 0x0000000743a00000| Untracked |  0
|   3|0x0000000743c00000, 0x0000000743c00000, 0x0000000743e00000|  0%| F|  |TAMS 0x0000000743c00000| PB 0x0000000743c00000| Untracked |  0
|   4|0x0000000743e00000, 0x0000000743e00000, 0x0000000744000000|  0%| F|  |TAMS 0x0000000743e00000| PB 0x0000000743e00000| Untracked |  0
|   5|0x0000000744000000, 0x0000000744000000, 0x0000000744200000|  0%| F|  |TAMS 0x0000000744000000| PB 0x0000000744000000| Untracked |  0
|   6|0x0000000744200000, 0x0000000744200000, 0x0000000744400000|  0%| F|  |TAMS 0x0000000744200000| PB 0x0000000744200000| Untracked |  0
|   7|0x0000000744400000, 0x0000000744400000, 0x0000000744600000|  0%| F|  |TAMS 0x0000000744400000| PB 0x0000000744400000| Untracked |  0
|   8|0x0000000744600000, 0x0000000744600000, 0x0000000744800000|  0%| F|  |TAMS 0x0000000744600000| PB 0x0000000744600000| Untracked |  0
|   9|0x0000000744800000, 0x0000000744800000, 0x0000000744a00000|  0%| F|  |TAMS 0x0000000744800000| PB 0x0000000744800000| Untracked |  0
|  10|0x0000000744a00000, 0x0000000744a00000, 0x0000000744c00000|  0%| F|  |TAMS 0x0000000744a00000| PB 0x0000000744a00000| Untracked |  0
|  11|0x0000000744c00000, 0x0000000744c00000, 0x0000000744e00000|  0%| F|  |TAMS 0x0000000744c00000| PB 0x0000000744c00000| Untracked |  0
|  12|0x0000000744e00000, 0x0000000744e00000, 0x0000000745000000|  0%| F|  |TAMS 0x0000000744e00000| PB 0x0000000744e00000| Untracked |  0
|  13|0x0000000745000000, 0x0000000745000000, 0x0000000745200000|  0%| F|  |TAMS 0x0000000745000000| PB 0x0000000745000000| Untracked |  0
|  14|0x0000000745200000, 0x0000000745200000, 0x0000000745400000|  0%| F|  |TAMS 0x0000000745200000| PB 0x0000000745200000| Untracked |  0
|  15|0x0000000745400000, 0x0000000745400000, 0x0000000745600000|  0%| F|  |TAMS 0x0000000745400000| PB 0x0000000745400000| Untracked |  0
|  16|0x0000000745600000, 0x0000000745600000, 0x0000000745800000|  0%| F|  |TAMS 0x0000000745600000| PB 0x0000000745600000| Untracked |  0
|  17|0x0000000745800000, 0x0000000745800000, 0x0000000745a00000|  0%| F|  |TAMS 0x0000000745800000| PB 0x0000000745800000| Untracked |  0
|  18|0x0000000745a00000, 0x0000000745a00000, 0x0000000745c00000|  0%| F|  |TAMS 0x0000000745a00000| PB 0x0000000745a00000| Untracked |  0
|  19|0x0000000745c00000, 0x0000000745c00000, 0x0000000745e00000|  0%| F|  |TAMS 0x0000000745c00000| PB 0x0000000745c00000| Untracked |  0
|  20|0x0000000745e00000, 0x0000000745e00000, 0x0000000746000000|  0%| F|  |TAMS 0x0000000745e00000| PB 0x0000000745e00000| Untracked |  0
|  21|0x0000000746000000, 0x0000000746000000, 0x0000000746200000|  0%| F|  |TAMS 0x0000000746000000| PB 0x0000000746000000| Untracked |  0
|  22|0x0000000746200000, 0x0000000746200000, 0x0000000746400000|  0%| F|  |TAMS 0x0000000746200000| PB 0x0000000746200000| Untracked |  0
|  23|0x0000000746400000, 0x0000000746400000, 0x0000000746600000|  0%| F|  |TAMS 0x0000000746400000| PB 0x0000000746400000| Untracked |  0
|  24|0x0000000746600000, 0x0000000746600000, 0x0000000746800000|  0%| F|  |TAMS 0x0000000746600000| PB 0x0000000746600000| Untracked |  0
|  25|0x0000000746800000, 0x0000000746800000, 0x0000000746a00000|  0%| F|  |TAMS 0x0000000746800000| PB 0x0000000746800000| Untracked |  0
|  26|0x0000000746a00000, 0x0000000746a00000, 0x0000000746c00000|  0%| F|  |TAMS 0x0000000746a00000| PB 0x0000000746a00000| Untracked |  0
|  27|0x0000000746c00000, 0x0000000746c00000, 0x0000000746e00000|  0%| F|  |TAMS 0x0000000746c00000| PB 0x0000000746c00000| Untracked |  0
|  28|0x0000000746e00000, 0x0000000746e00000, 0x0000000747000000|  0%| F|  |TAMS 0x0000000746e00000| PB 0x0000000746e00000| Untracked |  0
|  29|0x0000000747000000, 0x0000000747000000, 0x0000000747200000|  0%| F|  |TAMS 0x0000000747000000| PB 0x0000000747000000| Untracked |  0
|  30|0x0000000747200000, 0x0000000747200000, 0x0000000747400000|  0%| F|  |TAMS 0x0000000747200000| PB 0x0000000747200000| Untracked |  0
|  31|0x0000000747400000, 0x0000000747400000, 0x0000000747600000|  0%| F|  |TAMS 0x0000000747400000| PB 0x0000000747400000| Untracked |  0
|  32|0x0000000747600000, 0x0000000747600000, 0x0000000747800000|  0%| F|  |TAMS 0x0000000747600000| PB 0x0000000747600000| Untracked |  0
|  33|0x0000000747800000, 0x0000000747800000, 0x0000000747a00000|  0%| F|  |TAMS 0x0000000747800000| PB 0x0000000747800000| Untracked |  0
|  34|0x0000000747a00000, 0x0000000747a00000, 0x0000000747c00000|  0%| F|  |TAMS 0x0000000747a00000| PB 0x0000000747a00000| Untracked |  0
|  35|0x0000000747c00000, 0x0000000747c00000, 0x0000000747e00000|  0%| F|  |TAMS 0x0000000747c00000| PB 0x0000000747c00000| Untracked |  0
|  36|0x0000000747e00000, 0x0000000747e00000, 0x0000000748000000|  0%| F|  |TAMS 0x0000000747e00000| PB 0x0000000747e00000| Untracked |  0
|  37|0x0000000748000000, 0x0000000748000000, 0x0000000748200000|  0%| F|  |TAMS 0x0000000748000000| PB 0x0000000748000000| Untracked |  0
|  38|0x0000000748200000, 0x0000000748200000, 0x0000000748400000|  0%| F|  |TAMS 0x0000000748200000| PB 0x0000000748200000| Untracked |  0
|  39|0x0000000748400000, 0x0000000748400000, 0x0000000748600000|  0%| F|  |TAMS 0x0000000748400000| PB 0x0000000748400000| Untracked |  0
|  40|0x0000000748600000, 0x0000000748600000, 0x0000000748800000|  0%| F|  |TAMS 0x0000000748600000| PB 0x0000000748600000| Untracked |  0
|  41|0x0000000748800000, 0x0000000748800000, 0x0000000748a00000|  0%| F|  |TAMS 0x0000000748800000| PB 0x0000000748800000| Untracked |  0
|  42|0x0000000748a00000, 0x0000000748a00000, 0x0000000748c00000|  0%| F|  |TAMS 0x0000000748a00000| PB 0x0000000748a00000| Untracked |  0
|  43|0x0000000748c00000, 0x0000000748c00000, 0x0000000748e00000|  0%| F|  |TAMS 0x0000000748c00000| PB 0x0000000748c00000| Untracked |  0
|  44|0x0000000748e00000, 0x0000000748e00000, 0x0000000749000000|  0%| F|  |TAMS 0x0000000748e00000| PB 0x0000000748e00000| Untracked |  0
|  45|0x0000000749000000, 0x0000000749000000, 0x0000000749200000|  0%| F|  |TAMS 0x0000000749000000| PB 0x0000000749000000| Untracked |  0
|  46|0x0000000749200000, 0x0000000749200000, 0x0000000749400000|  0%| F|  |TAMS 0x0000000749200000| PB 0x0000000749200000| Untracked |  0
|  47|0x0000000749400000, 0x0000000749400000, 0x0000000749600000|  0%| F|  |TAMS 0x0000000749400000| PB 0x0000000749400000| Untracked |  0
|  48|0x0000000749600000, 0x0000000749600000, 0x0000000749800000|  0%| F|  |TAMS 0x0000000749600000| PB 0x0000000749600000| Untracked |  0
|  49|0x0000000749800000, 0x0000000749800000, 0x0000000749a00000|  0%| F|  |TAMS 0x0000000749800000| PB 0x0000000749800000| Untracked |  0
|  50|0x0000000749a00000, 0x0000000749a00000, 0x0000000749c00000|  0%| F|  |TAMS 0x0000000749a00000| PB 0x0000000749a00000| Untracked |  0
|  51|0x0000000749c00000, 0x0000000749c00000, 0x0000000749e00000|  0%| F|  |TAMS 0x0000000749c00000| PB 0x0000000749c00000| Untracked |  0
|  52|0x0000000749e00000, 0x0000000749e00000, 0x000000074a000000|  0%| F|  |TAMS 0x0000000749e00000| PB 0x0000000749e00000| Untracked |  0
|  53|0x000000074a000000, 0x000000074a000000, 0x000000074a200000|  0%| F|  |TAMS 0x000000074a000000| PB 0x000000074a000000| Untracked |  0
|  54|0x000000074a200000, 0x000000074a200000, 0x000000074a400000|  0%| F|  |TAMS 0x000000074a200000| PB 0x000000074a200000| Untracked |  0
|  55|0x000000074a400000, 0x000000074a400000, 0x000000074a600000|  0%| F|  |TAMS 0x000000074a400000| PB 0x000000074a400000| Untracked |  0
|  56|0x000000074a600000, 0x000000074a600000, 0x000000074a800000|  0%| F|  |TAMS 0x000000074a600000| PB 0x000000074a600000| Untracked |  0
|  57|0x000000074a800000, 0x000000074a800000, 0x000000074aa00000|  0%| F|  |TAMS 0x000000074a800000| PB 0x000000074a800000| Untracked |  0
|  58|0x000000074aa00000, 0x000000074aa00000, 0x000000074ac00000|  0%| F|  |TAMS 0x000000074aa00000| PB 0x000000074aa00000| Untracked |  0
|  59|0x000000074ac00000, 0x000000074ac00000, 0x000000074ae00000|  0%| F|  |TAMS 0x000000074ac00000| PB 0x000000074ac00000| Untracked |  0
|  60|0x000000074ae00000, 0x000000074ae00000, 0x000000074b000000|  0%| F|  |TAMS 0x000000074ae00000| PB 0x000000074ae00000| Untracked |  0
|  61|0x000000074b000000, 0x000000074b000000, 0x000000074b200000|  0%| F|  |TAMS 0x000000074b000000| PB 0x000000074b000000| Untracked |  0
|  62|0x000000074b200000, 0x000000074b200000, 0x000000074b400000|  0%| F|  |TAMS 0x000000074b200000| PB 0x000000074b200000| Untracked |  0
|  63|0x000000074b400000, 0x000000074b400000, 0x000000074b600000|  0%| F|  |TAMS 0x000000074b400000| PB 0x000000074b400000| Untracked |  0
|  64|0x000000074b600000, 0x000000074b600000, 0x000000074b800000|  0%| F|  |TAMS 0x000000074b600000| PB 0x000000074b600000| Untracked |  0
|  65|0x000000074b800000, 0x000000074b800000, 0x000000074ba00000|  0%| F|  |TAMS 0x000000074b800000| PB 0x000000074b800000| Untracked |  0
|  66|0x000000074ba00000, 0x000000074ba00000, 0x000000074bc00000|  0%| F|  |TAMS 0x000000074ba00000| PB 0x000000074ba00000| Untracked |  0
|  67|0x000000074bc00000, 0x000000074bc00000, 0x000000074be00000|  0%| F|  |TAMS 0x000000074bc00000| PB 0x000000074bc00000| Untracked |  0
|  68|0x000000074be00000, 0x000000074be00000, 0x000000074c000000|  0%| F|  |TAMS 0x000000074be00000| PB 0x000000074be00000| Untracked |  0
|  69|0x000000074c000000, 0x000000074c000000, 0x000000074c200000|  0%| F|  |TAMS 0x000000074c000000| PB 0x000000074c000000| Untracked |  0
|  70|0x000000074c200000, 0x000000074c200000, 0x000000074c400000|  0%| F|  |TAMS 0x000000074c200000| PB 0x000000074c200000| Untracked |  0
|  71|0x000000074c400000, 0x000000074c400000, 0x000000074c600000|  0%| F|  |TAMS 0x000000074c400000| PB 0x000000074c400000| Untracked |  0
|  72|0x000000074c600000, 0x000000074c600000, 0x000000074c800000|  0%| F|  |TAMS 0x000000074c600000| PB 0x000000074c600000| Untracked |  0
|  73|0x000000074c800000, 0x000000074c800000, 0x000000074ca00000|  0%| F|  |TAMS 0x000000074c800000| PB 0x000000074c800000| Untracked |  0
|  74|0x000000074ca00000, 0x000000074ca00000, 0x000000074cc00000|  0%| F|  |TAMS 0x000000074ca00000| PB 0x000000074ca00000| Untracked |  0
|  75|0x000000074cc00000, 0x000000074cc00000, 0x000000074ce00000|  0%| F|  |TAMS 0x000000074cc00000| PB 0x000000074cc00000| Untracked |  0
|  76|0x000000074ce00000, 0x000000074ce00000, 0x000000074d000000|  0%| F|  |TAMS 0x000000074ce00000| PB 0x000000074ce00000| Untracked |  0
|  77|0x000000074d000000, 0x000000074d000000, 0x000000074d200000|  0%| F|  |TAMS 0x000000074d000000| PB 0x000000074d000000| Untracked |  0
|  78|0x000000074d200000, 0x000000074d200000, 0x000000074d400000|  0%| F|  |TAMS 0x000000074d200000| PB 0x000000074d200000| Untracked |  0
|  79|0x000000074d400000, 0x000000074d400000, 0x000000074d600000|  0%| F|  |TAMS 0x000000074d400000| PB 0x000000074d400000| Untracked |  0
|  80|0x000000074d600000, 0x000000074d600000, 0x000000074d800000|  0%| F|  |TAMS 0x000000074d600000| PB 0x000000074d600000| Untracked |  0
|  81|0x000000074d800000, 0x000000074d800000, 0x000000074da00000|  0%| F|  |TAMS 0x000000074d800000| PB 0x000000074d800000| Untracked |  0
|  82|0x000000074da00000, 0x000000074da00000, 0x000000074dc00000|  0%| F|  |TAMS 0x000000074da00000| PB 0x000000074da00000| Untracked |  0
|  83|0x000000074dc00000, 0x000000074dc00000, 0x000000074de00000|  0%| F|  |TAMS 0x000000074dc00000| PB 0x000000074dc00000| Untracked |  0
|  84|0x000000074de00000, 0x000000074de00000, 0x000000074e000000|  0%| F|  |TAMS 0x000000074de00000| PB 0x000000074de00000| Untracked |  0
|  85|0x000000074e000000, 0x000000074e000000, 0x000000074e200000|  0%| F|  |TAMS 0x000000074e000000| PB 0x000000074e000000| Untracked |  0
|  86|0x000000074e200000, 0x000000074e200000, 0x000000074e400000|  0%| F|  |TAMS 0x000000074e200000| PB 0x000000074e200000| Untracked |  0
|  87|0x000000074e400000, 0x000000074e400000, 0x000000074e600000|  0%| F|  |TAMS 0x000000074e400000| PB 0x000000074e400000| Untracked |  0
|  88|0x000000074e600000, 0x000000074e600000, 0x000000074e800000|  0%| F|  |TAMS 0x000000074e600000| PB 0x000000074e600000| Untracked |  0
|  89|0x000000074e800000, 0x000000074e800000, 0x000000074ea00000|  0%| F|  |TAMS 0x000000074e800000| PB 0x000000074e800000| Untracked |  0
|  90|0x000000074ea00000, 0x000000074ea00000, 0x000000074ec00000|  0%| F|  |TAMS 0x000000074ea00000| PB 0x000000074ea00000| Untracked |  0
|  91|0x000000074ec00000, 0x000000074ec935f0, 0x000000074ee00000| 28%| E|  |TAMS 0x000000074ec00000| PB 0x000000074ec00000| Complete |  0
|  92|0x000000074ee00000, 0x000000074f000000, 0x000000074f000000|100%| E|CS|TAMS 0x000000074ee00000| PB 0x000000074ee00000| Complete |  0
|  93|0x000000074f000000, 0x000000074f200000, 0x000000074f200000|100%| E|CS|TAMS 0x000000074f000000| PB 0x000000074f000000| Complete |  0
|  94|0x000000074f200000, 0x000000074f400000, 0x000000074f400000|100%| E|CS|TAMS 0x000000074f200000| PB 0x000000074f200000| Complete |  0
|1508|0x00000007ffe00000, 0x00000007fff24ea8, 0x0000000800000000| 57%| O|  |TAMS 0x00000007ffe00000| PB 0x00000007ffe00000| Untracked |  0

Card table byte_map: [0x000001b46e200000,0x000001b46e7f0000] _byte_map_base: 0x000001b46a7e5000

Marking Bits: (CMBitMap*) 0x000001b4561797f0
 Bits: [0x000001b46e7f0000, 0x000001b471718000)

Polling page: 0x000001b4558f0000

Metaspace:
Metaspace        used 1516K, committed 1664K, reserved 1114112K
 class space     used 111K, committed 192K, reserved 1048576K

Usage:
  Non-class:      1.37 MB used.
      Class:    111.45 KB used.
       Both:      1.48 MB used.

Virtual space:
  Non-class space:       64.00 MB reserved,       1.44 MB (  2%) committed,  1 nodes.
      Class space:        1.00 GB reserved,     192.00 KB ( <1%) committed,  1 nodes.
             Both:        1.06 GB reserved,       1.62 MB ( <1%) committed. 

Chunk freelists:
   Non-Class:  11.44 MB
       Class:  15.67 MB
        Both:  27.11 MB

MaxMetaspaceSize: unlimited
CompressedClassSpaceSize: 1.00 GB
Initial GC threshold: 21.00 MB
Current GC threshold: 21.00 MB
CDS: on
 - commit_granule_bytes: 65536.
 - commit_granule_words: 8192.
 - virtual_space_node_default_size: 8388608.
 - enlarge_chunks_in_place: 1.
UseCompressedClassPointers 1, UseCompactObjectHeaders 0
Narrow klass pointer bits 32, Max shift 3
Narrow klass base: 0x0000000081000000, Narrow klass shift: 0
Encoding Range: [0x0000000081000000 - 0x0000000181000000), (4294967296 bytes)
Klass Range:    [0x0000000081010000 - 0x00000000c2000000), (1090453504 bytes)
Klass ID Range:  [65536 - 1090519033) (1090453497)
Protection zone: [0x0000000081000000 - 0x0000000081010000), (65536 bytes)


Internal statistics:

num_allocs_failed_limit: 0.
num_arena_births: 28.
num_arena_deaths: 0.
num_vsnodes_births: 2.
num_vsnodes_deaths: 0.
num_space_committed: 26.
num_space_uncommitted: 0.
num_chunks_returned_to_freelist: 0.
num_chunks_taken_from_freelist: 69.
num_chunk_merges: 0.
num_chunk_splits: 42.
num_chunks_enlarged: 29.
num_inconsistent_stats: 0.

CodeHeap 'non-profiled nmethods': size=120064Kb used=145Kb max_used=145Kb free=119918Kb
 bounds [0x000001b4666d0000, 0x000001b466940000, 0x000001b46dc10000]
CodeHeap 'profiled nmethods': size=120000Kb used=522Kb max_used=522Kb free=119477Kb
 bounds [0x000001b45ec10000, 0x000001b45ee80000, 0x000001b466140000]
CodeHeap 'non-nmethods': size=5696Kb used=1379Kb max_used=1394Kb free=4316Kb
 bounds [0x000001b466140000, 0x000001b4663b0000, 0x000001b4666d0000]
CodeCache: size=245760Kb, used=2046Kb, max_used=2061Kb, free=243711Kb
 total_blobs=917, nmethods=510, adapters=310, full_count=0
Compilation: enabled, stopped_count=0, restarted_count=0

Compilation events (20 events):
Event: 0.143 Thread 0x000001b473b939d0 nmethod 488 0x000001b4666f2888 code [0x000001b4666f2980, 0x000001b4666f2a48]
Event: 0.143 Thread 0x000001b473b939d0  500       1       java.lang.Class::getModule (5 bytes)
Event: 0.144 Thread 0x000001b473b939d0 nmethod 500 0x000001b4666f2b88 code [0x000001b4666f2c80, 0x000001b4666f2d48]
Event: 0.145 Thread 0x000001b473b939d0  501       3       java.lang.String::equalsIgnoreCase (45 bytes)
Event: 0.145 Thread 0x000001b473b939d0 nmethod 501 0x000001b45ec90f88 code [0x000001b45ec91080, 0x000001b45ec91900]
Event: 0.145 Thread 0x000001b473b8f900 nmethod 499 0x000001b4666f3188 code [0x000001b4666f3280, 0x000001b4666f3438]
Event: 0.145 Thread 0x000001b473b939d0  503       3       jdk.internal.classfile.impl.AbstractPoolEntry::hash2 (15 bytes)
Event: 0.145 Thread 0x000001b473b939d0 nmethod 503 0x000001b45ec91908 code [0x000001b45ec91a00, 0x000001b45ec91b08]
Event: 0.146 Thread 0x000001b473b939d0  504       1       jdk.internal.classfile.impl.AbstractPoolEntry::hashCode (5 bytes)
Event: 0.146 Thread 0x000001b473b939d0 nmethod 504 0x000001b4666f3488 code [0x000001b4666f3580, 0x000001b4666f3648]
Event: 0.146 Thread 0x000001b473b939d0  505       1       jdk.internal.classfile.impl.AbstractPoolEntry$ClassEntryImpl::tag (3 bytes)
Event: 0.146 Thread 0x000001b473b939d0 nmethod 505 0x000001b4666f3788 code [0x000001b4666f3880, 0x000001b4666f3948]
Event: 0.146 Thread 0x000001b473b939d0  506   !   3       sun.invoke.util.VerifyAccess::ensureTypeVisible (99 bytes)
Event: 0.146 Thread 0x000001b473b939d0 nmethod 506 0x000001b45ec91c08 code [0x000001b45ec91d00, 0x000001b45ec92660]
Event: 0.146 Thread 0x000001b473b939d0  507       3       jdk.internal.classfile.impl.BufWriterImpl::writeU2 (38 bytes)
Event: 0.146 Thread 0x000001b473b939d0 nmethod 507 0x000001b45ec92688 code [0x000001b45ec92780, 0x000001b45ec92a58]
Event: 0.146 Thread 0x000001b473b939d0  508       3       jdk.internal.classfile.impl.StackMapGenerator::processBlock (2767 bytes)
Event: 0.151 Thread 0x000001b473b8f900  518       4       jdk.internal.misc.Unsafe::putReferenceRelease (9 bytes)
Event: 0.151 Thread 0x000001b473b8f900 nmethod 518 0x000001b4666f3f88 code [0x000001b4666f4080, 0x000001b4666f4208]
Event: 0.151 Thread 0x000001b473b8f900  522       4       java.lang.StringLatin1::lastIndexOf (40 bytes)

GC Heap Usage History (0 events):
No events

Metaspace Usage History (0 events):
No events

Dll operation events (7 events):
Event: 0.008 Loaded shared library F:\Programs\Apache NetBeans\jdk\bin\java.dll
Event: 0.042 Loaded shared library F:\Programs\Apache NetBeans\jdk\bin\net.dll
Event: 0.044 Loaded shared library F:\Programs\Apache NetBeans\jdk\bin\nio.dll
Event: 0.047 Loaded shared library F:\Programs\Apache NetBeans\jdk\bin\zip.dll
Event: 0.131 Loaded shared library F:\Programs\Apache NetBeans\java\maven\lib\jansi-native\Windows\x86_64\jansi.dll
Event: 0.131 Loaded shared library F:\Programs\Apache NetBeans\jdk\bin\jimage.dll
Event: 0.138 Loaded shared library F:\Programs\Apache NetBeans\jdk\bin\verify.dll

Deoptimization events (20 events):
Event: 0.083 Thread 0x000001b4561257d0 DEOPT PACKING pc=0x000001b45ec234f8 sp=0x0000002aaf4feac0
Event: 0.083 Thread 0x000001b4561257d0 DEOPT UNPACKING pc=0x000001b4661912a2 sp=0x0000002aaf4fdf30 mode 0
Event: 0.083 Thread 0x000001b4561257d0 DEOPT PACKING pc=0x000001b45ec234f8 sp=0x0000002aaf4feac0
Event: 0.083 Thread 0x000001b4561257d0 DEOPT UNPACKING pc=0x000001b4661912a2 sp=0x0000002aaf4fdf30 mode 0
Event: 0.085 Thread 0x000001b4561257d0 DEOPT PACKING pc=0x000001b45ec234f8 sp=0x0000002aaf4feac0
Event: 0.085 Thread 0x000001b4561257d0 DEOPT UNPACKING pc=0x000001b4661912a2 sp=0x0000002aaf4fdf30 mode 0
Event: 0.085 Thread 0x000001b4561257d0 DEOPT PACKING pc=0x000001b45ec234f8 sp=0x0000002aaf4feac0
Event: 0.085 Thread 0x000001b4561257d0 DEOPT UNPACKING pc=0x000001b4661912a2 sp=0x0000002aaf4fdf30 mode 0
Event: 0.085 Thread 0x000001b4561257d0 DEOPT PACKING pc=0x000001b45ec234f8 sp=0x0000002aaf4feac0
Event: 0.085 Thread 0x000001b4561257d0 DEOPT UNPACKING pc=0x000001b4661912a2 sp=0x0000002aaf4fdf30 mode 0
Event: 0.109 Thread 0x000001b4561257d0 Uncommon trap: trap_request=0xffffff45 fr.pc=0x000001b4666dec24 relative=0x0000000000000124
Event: 0.109 Thread 0x000001b4561257d0 Uncommon trap: reason=unstable_if action=reinterpret pc=0x000001b4666dec24 method=java.lang.StringCoding.countPositives([BII)I @ 17 c2
Event: 0.109 Thread 0x000001b4561257d0 DEOPT PACKING pc=0x000001b4666dec24 sp=0x0000002aaf4faa50
Event: 0.109 Thread 0x000001b4561257d0 DEOPT UNPACKING pc=0x000001b46626f482 sp=0x0000002aaf4fa9d8 mode 2
Event: 0.135 Thread 0x000001b47842ad40 Uncommon trap: trap_request=0xffffff45 fr.pc=0x000001b4666e325c relative=0x000000000000005c
Event: 0.135 Thread 0x000001b47842ad40 Uncommon trap: reason=unstable_if action=reinterpret pc=0x000001b4666e325c method=java.io.WinNTFileSystem.isSlash(C)Z @ 9 c2
Event: 0.135 Thread 0x000001b47842ad40 DEOPT PACKING pc=0x000001b4666e325c sp=0x0000002ab07feb60
Event: 0.135 Thread 0x000001b47842ad40 DEOPT UNPACKING pc=0x000001b46626f482 sp=0x0000002ab07feae8 mode 2
Event: 0.139 Thread 0x000001b4561257d0 DEOPT PACKING pc=0x000001b45ec57178 sp=0x0000002aaf4fe170
Event: 0.139 Thread 0x000001b4561257d0 DEOPT UNPACKING pc=0x000001b4661912a2 sp=0x0000002aaf4fd5f8 mode 0

Classes loaded (20 events):
Event: 0.141 Loading class java/lang/CloneNotSupportedException
Event: 0.141 Loading class java/lang/CloneNotSupportedException done
Event: 0.141 Loading class java/lang/UnsupportedOperationException
Event: 0.141 Loading class java/lang/UnsupportedOperationException done
Event: 0.144 Loading class java/util/LinkedHashMap$LinkedValues
Event: 0.144 Loading class java/util/LinkedHashMap$LinkedValues done
Event: 0.144 Loading class java/util/LinkedHashMap$LinkedValueIterator
Event: 0.144 Loading class java/util/LinkedHashMap$LinkedValueIterator done
Event: 0.148 Loading class java/util/AbstractList$ListItr
Event: 0.148 Loading class java/util/AbstractList$Itr
Event: 0.149 Loading class java/util/AbstractList$Itr done
Event: 0.149 Loading class java/util/AbstractList$ListItr done
Event: 0.149 Loading class java/util/LinkedList$Node
Event: 0.149 Loading class java/util/LinkedList$Node done
Event: 0.150 Loading class java/util/Collections$UnmodifiableMap$UnmodifiableEntrySet
Event: 0.150 Loading class java/util/Collections$UnmodifiableMap$UnmodifiableEntrySet done
Event: 0.150 Loading class java/util/Collections$UnmodifiableMap$UnmodifiableEntrySet$1
Event: 0.150 Loading class java/util/Collections$UnmodifiableMap$UnmodifiableEntrySet$1 done
Event: 0.150 Loading class java/util/Collections$UnmodifiableMap$UnmodifiableEntrySet$UnmodifiableEntry
Event: 0.150 Loading class java/util/Collections$UnmodifiableMap$UnmodifiableEntrySet$UnmodifiableEntry done

Classes unloaded (0 events):
No events

Classes redefined (0 events):
No events

Internal exceptions (17 events):
Event: 0.119 Thread 0x000001b4561257d0 Exception <a 'java/lang/NoSuchMethodError'{0x000000074ee72800}: 'java.lang.Object java.lang.invoke.Invokers$Holder.invokeExact_MT(java.lang.Object, java.lang.Object, java.lang.Object, java.lang.Object, java.lang.Object)'> (0x000000074ee72800) 
thrown [s\src\hotspot\share\interpreter\linkResolver.cpp, line 804]
Event: 0.122 Thread 0x000001b4561257d0 Exception <a 'java/lang/NoSuchMethodError'{0x000000074ee9f960}: 'java.lang.Object java.lang.invoke.DirectMethodHandle$Holder.invokeStaticInit(java.lang.Object)'> (0x000000074ee9f960) 
thrown [s\src\hotspot\share\interpreter\linkResolver.cpp, line 804]
Event: 0.127 Thread 0x000001b4561257d0 Exception <a 'java/lang/NullPointerException'{0x000000074eed2a80}> (0x000000074eed2a80) 
thrown [s\src\hotspot\share\interpreter\linkResolver.cpp, line 1416]
Event: 0.132 Thread 0x000001b4561257d0 Exception <a 'java/lang/NullPointerException'{0x000000074eef1378}> (0x000000074eef1378) 
thrown [s\src\hotspot\share\interpreter\linkResolver.cpp, line 1416]
Event: 0.132 Thread 0x000001b4561257d0 Exception <a 'java/lang/NullPointerException'{0x000000074eef1658}> (0x000000074eef1658) 
thrown [s\src\hotspot\share\interpreter\linkResolver.cpp, line 1416]
Event: 0.132 Thread 0x000001b4561257d0 Exception <a 'java/lang/NullPointerException'{0x000000074eef1938}> (0x000000074eef1938) 
thrown [s\src\hotspot\share\interpreter\linkResolver.cpp, line 1416]
Event: 0.133 Thread 0x000001b4561257d0 Exception <a 'java/lang/NullPointerException'{0x000000074eef6200}> (0x000000074eef6200) 
thrown [s\src\hotspot\share\interpreter\linkResolver.cpp, line 1416]
Event: 0.134 Thread 0x000001b4561257d0 Exception <a 'java/lang/NullPointerException'{0x000000074ef074a8}> (0x000000074ef074a8) 
thrown [s\src\hotspot\share\interpreter\linkResolver.cpp, line 1416]
Event: 0.134 Thread 0x000001b4561257d0 Exception <a 'java/lang/NullPointerException'{0x000000074ef07788}> (0x000000074ef07788) 
thrown [s\src\hotspot\share\interpreter\linkResolver.cpp, line 1416]
Event: 0.134 Thread 0x000001b4561257d0 Exception <a 'java/lang/NullPointerException'{0x000000074ef07a68}> (0x000000074ef07a68) 
thrown [s\src\hotspot\share\interpreter\linkResolver.cpp, line 1416]
Event: 0.134 Thread 0x000001b4561257d0 Exception <a 'java/lang/NullPointerException'{0x000000074ef07d48}> (0x000000074ef07d48) 
thrown [s\src\hotspot\share\interpreter\linkResolver.cpp, line 1416]
Event: 0.137 Thread 0x000001b4561257d0 Exception <a 'sun/nio/fs/WindowsException'{0x000000074efb9e50}> (0x000000074efb9e50) 
thrown [s\src\hotspot\share\prims\jni.cpp, line 516]
Event: 0.137 Thread 0x000001b4561257d0 Exception <a 'sun/nio/fs/WindowsException'{0x000000074efba3d8}> (0x000000074efba3d8) 
thrown [s\src\hotspot\share\prims\jni.cpp, line 516]
Event: 0.137 Thread 0x000001b4561257d0 Exception <a 'sun/nio/fs/WindowsException'{0x000000074efba8c8}> (0x000000074efba8c8) 
thrown [s\src\hotspot\share\prims\jni.cpp, line 516]
Event: 0.137 Thread 0x000001b4561257d0 Exception <a 'sun/nio/fs/WindowsException'{0x000000074efbad70}> (0x000000074efbad70) 
thrown [s\src\hotspot\share\prims\jni.cpp, line 516]
Event: 0.145 Thread 0x000001b4561257d0 Exception <a 'java/lang/NoSuchMethodError'{0x000000074effc1a8}: 'void java.lang.invoke.DirectMethodHandle$Holder.invokeStatic(java.lang.Object, java.lang.Object)'> (0x000000074effc1a8) 
thrown [s\src\hotspot\share\interpreter\linkResolver.cpp, line 804]
Event: 0.146 Thread 0x000001b4561257d0 Exception <a 'java/lang/NoSuchMethodError'{0x000000074ec041a0}: 'void java.lang.invoke.DirectMethodHandle$Holder.invokeStaticInit(java.lang.Object, java.lang.Object)'> (0x000000074ec041a0) 
thrown [s\src\hotspot\share\interpreter\linkResolver.cpp, line 804]

VM Operations (6 events):
Event: 0.047 Executing non-safepoint VM operation: HandshakeAllThreads (Deoptimize)
Event: 0.047 Executing non-safepoint VM operation: HandshakeAllThreads (Deoptimize) done
Event: 0.126 Executing non-safepoint VM operation: HandshakeAllThreads (Deoptimize)
Event: 0.126 Executing non-safepoint VM operation: HandshakeAllThreads (Deoptimize) done
Event: 0.135 Executing non-safepoint VM operation: HandshakeAllThreads (Deoptimize)
Event: 0.135 Executing non-safepoint VM operation: HandshakeAllThreads (Deoptimize) done

Memory protections (0 events):
No events

Nmethod flushes (0 events):
No events

Events (14 events):
Event: 0.020 Thread 0x000001b4561257d0 Thread added: 0x000001b4561257d0
Event: 0.029 Thread 0x000001b4561257d0 Thread added: 0x000001b473b7b280
Event: 0.029 Thread 0x000001b4561257d0 Thread added: 0x000001b473b82110
Event: 0.029 Thread 0x000001b4561257d0 Thread added: 0x000001b473b880a0
Event: 0.029 Thread 0x000001b4561257d0 Thread added: 0x000001b473b88c60
Event: 0.029 Thread 0x000001b4561257d0 Thread added: 0x000001b473b8b830
Event: 0.029 Thread 0x000001b4561257d0 Thread added: 0x000001b473b8ca00
Event: 0.029 Thread 0x000001b4561257d0 Thread added: 0x000001b473b8f900
Event: 0.029 Thread 0x000001b4561257d0 Thread added: 0x000001b473b939d0
Event: 0.038 Thread 0x000001b4561257d0 Thread added: 0x000001b478097340
Event: 0.040 Thread 0x000001b4561257d0 Thread added: 0x000001b47809f7c0
Event: 0.083 Thread 0x000001b473b8f900 Thread added: 0x000001b478152820
Event: 0.129 Thread 0x000001b4561257d0 Thread added: 0x000001b47842ad40
Event: 0.137 Thread 0x000001b47842ad40 Thread exited: 0x000001b47842ad40


Dynamic libraries:
0x00007ff7a7340000 - 0x00007ff7a734e000 	F:\Programs\Apache NetBeans\jdk\bin\java.exe
0x00007ffacf290000 - 0x00007ffacf4a8000 	C:\WINDOWS\SYSTEM32\ntdll.dll
0x00007ffaceca0000 - 0x00007ffaced64000 	C:\WINDOWS\System32\KERNEL32.DLL
0x00007ffacca00000 - 0x00007ffaccdd3000 	C:\WINDOWS\System32\KERNELBASE.dll
0x00007ffacc4e0000 - 0x00007ffacc5f1000 	C:\WINDOWS\System32\ucrtbase.dll
0x00007ffaba280000 - 0x00007ffaba296000 	F:\Programs\Apache NetBeans\jdk\bin\jli.dll
0x00007ffabb430000 - 0x00007ffabb44e000 	F:\Programs\Apache NetBeans\jdk\bin\VCRUNTIME140.dll
0x00007ffacd330000 - 0x00007ffacd4e2000 	C:\WINDOWS\System32\USER32.dll
0x00007ffacc600000 - 0x00007ffacc626000 	C:\WINDOWS\System32\win32u.dll
0x00007ffab7ef0000 - 0x00007ffab818c000 	C:\WINDOWS\WinSxS\amd64_microsoft.windows.common-controls_6595b64144ccf1df_6.0.22621.6060_none_2712eda17382d24b\COMCTL32.dll
0x00007ffacd300000 - 0x00007ffacd329000 	C:\WINDOWS\System32\GDI32.dll
0x00007ffacd250000 - 0x00007ffacd2f7000 	C:\WINDOWS\System32\msvcrt.dll
0x00007ffacc820000 - 0x00007ffacc93b000 	C:\WINDOWS\System32\gdi32full.dll
0x00007ffacce90000 - 0x00007ffaccf2a000 	C:\WINDOWS\System32\msvcp_win.dll
0x00007fface0e0000 - 0x00007fface111000 	C:\WINDOWS\System32\IMM32.DLL
0x00007ffac3880000 - 0x00007ffac388c000 	F:\Programs\Apache NetBeans\jdk\bin\vcruntime140_1.dll
0x00007ffa90e00000 - 0x00007ffa90e8d000 	F:\Programs\Apache NetBeans\jdk\bin\msvcp140.dll
0x00007ffa66c60000 - 0x00007ffa67b86000 	F:\Programs\Apache NetBeans\jdk\bin\server\jvm.dll
0x00007ffacf190000 - 0x00007ffacf241000 	C:\WINDOWS\System32\ADVAPI32.dll
0x00007ffacee80000 - 0x00007ffacef28000 	C:\WINDOWS\System32\sechost.dll
0x00007ffaccde0000 - 0x00007ffacce08000 	C:\WINDOWS\System32\bcrypt.dll
0x00007ffacf010000 - 0x00007ffacf128000 	C:\WINDOWS\System32\RPCRT4.dll
0x00007ffacee00000 - 0x00007ffacee71000 	C:\WINDOWS\System32\WS2_32.dll
0x00007ffacbff0000 - 0x00007ffacc03d000 	C:\WINDOWS\SYSTEM32\POWRPROF.dll
0x00007ffac5b40000 - 0x00007ffac5b74000 	C:\WINDOWS\SYSTEM32\WINMM.dll
0x00007ffac4e20000 - 0x00007ffac4e2a000 	C:\WINDOWS\SYSTEM32\VERSION.dll
0x00007ffacbdf0000 - 0x00007ffacbe03000 	C:\WINDOWS\SYSTEM32\UMPDC.dll
0x00007ffacb340000 - 0x00007ffacb358000 	C:\WINDOWS\SYSTEM32\kernel.appcore.dll
0x00007ffabb110000 - 0x00007ffabb11a000 	F:\Programs\Apache NetBeans\jdk\bin\jimage.dll
0x00007ffac97f0000 - 0x00007ffac9a23000 	C:\WINDOWS\SYSTEM32\DBGHELP.DLL
0x00007fface7f0000 - 0x00007ffaceb81000 	C:\WINDOWS\System32\combase.dll
0x00007ffacef30000 - 0x00007ffacf008000 	C:\WINDOWS\System32\OLEAUT32.dll
0x00007ffaabc20000 - 0x00007ffaabc52000 	C:\WINDOWS\SYSTEM32\dbgcore.DLL
0x00007ffacc630000 - 0x00007ffacc6ab000 	C:\WINDOWS\System32\bcryptPrimitives.dll
0x00007ffabb120000 - 0x00007ffabb13e000 	F:\Programs\Apache NetBeans\jdk\bin\java.dll
0x00007ffacdd90000 - 0x00007ffacdf31000 	C:\WINDOWS\System32\ole32.dll
0x00007ffacd4f0000 - 0x00007ffacdd8c000 	C:\WINDOWS\System32\SHELL32.dll
0x00007ffacc3a0000 - 0x00007ffacc4df000 	C:\WINDOWS\System32\wintypes.dll
0x00007ffaca250000 - 0x00007ffacab6a000 	C:\WINDOWS\SYSTEM32\windows.storage.dll
0x00007ffacdf40000 - 0x00007fface044000 	C:\WINDOWS\System32\SHCORE.dll
0x00007ffaced90000 - 0x00007ffacedf9000 	C:\WINDOWS\System32\shlwapi.dll
0x00007ffacc2d0000 - 0x00007ffacc2f5000 	C:\WINDOWS\SYSTEM32\profapi.dll
0x00007ffab7da0000 - 0x00007ffab7db1000 	F:\Programs\Apache NetBeans\jdk\bin\net.dll
0x00007ffacb800000 - 0x00007ffacb869000 	C:\WINDOWS\system32\mswsock.dll
0x00007ffab4ee0000 - 0x00007ffab4ef6000 	F:\Programs\Apache NetBeans\jdk\bin\nio.dll
0x00007ffaba1d0000 - 0x00007ffaba1e7000 	F:\Programs\Apache NetBeans\jdk\bin\zip.dll
0x00007ffa96e80000 - 0x00007ffa96ea4000 	F:\Programs\Apache NetBeans\java\maven\lib\jansi-native\Windows\x86_64\jansi.dll
0x00007ffaba430000 - 0x00007ffaba440000 	F:\Programs\Apache NetBeans\jdk\bin\verify.dll

JVMTI agents: none

dbghelp: loaded successfully - version: 4.0.5 - missing functions: none
symbol engine: initialized successfully - sym options: 0x614 - pdb path: .;F:\Programs\Apache NetBeans\jdk\bin;C:\WINDOWS\SYSTEM32;C:\WINDOWS\WinSxS\amd64_microsoft.windows.common-controls_6595b64144ccf1df_6.0.22621.6060_none_2712eda17382d24b;F:\Programs\Apache NetBeans\jdk\bin\server;F:\Programs\Apache NetBeans\java\maven\lib\jansi-native\Windows\x86_64

VM Arguments:
jvm_args: --enable-native-access=ALL-UNNAMED -Dclassworlds.conf=F:\Programs\Apache NetBeans\java\maven\bin\m2.conf -Dmaven.home=F:\Programs\Apache NetBeans\java\maven -Dlibrary.jansi.path=F:\Programs\Apache NetBeans\java\maven\lib\jansi-native -Dmaven.multiModuleProjectDirectory=F:\Faris\NetbeansProject\InventoriKu 
java_command: org.codehaus.plexus.classworlds.launcher.Launcher -Dexec.vmArgs= -Dexec.args=${exec.vmArgs} -classpath %classpath ${exec.mainClass} ${exec.appArgs} -Dexec.appArgs= -Dexec.mainClass=Main.Main -Dexec.executable=F:\Programs\Apache NetBeans\jdk\bin\java.exe -Dmaven.ext.class.path=F:\Programs\Apache NetBeans\java\maven-nblib\netbeans-eventspy.jar --no-transfer-progress process-classes org.codehaus.mojo:exec-maven-plugin:3.5.1:exec
java_class_path (initial): F:\Programs\Apache NetBeans\java\maven\boot\plexus-classworlds-2.9.0.jar
Launcher Type: SUN_STANDARD

[Global flags]
     intx CICompilerCount                          = 3                                         {product} {ergonomic}
     uint ConcGCThreads                            = 1                                         {product} {ergonomic}
     uint G1ConcRefinementThreads                  = 4                                         {product} {ergonomic}
   size_t G1HeapRegionSize                         = 2097152                                   {product} {ergonomic}
   size_t InitialHeapSize                          = 199229440                                 {product} {ergonomic}
   size_t MarkStackSize                            = 4194304                                   {product} {ergonomic}
   size_t MarkStackSizeMax                         = 536870912                                 {product} {ergonomic}
   size_t MaxHeapSize                              = 3164602368                                {product} {ergonomic}
   size_t MaxNewSize                               = 1897922560                                {product} {ergonomic}
   size_t MinHeapDeltaBytes                        = 2097152                                   {product} {ergonomic}
   size_t MinHeapSize                              = 8388608                                   {product} {ergonomic}
    uintx NonNMethodCodeHeapSize                   = 5832704                                {pd product} {ergonomic}
    uintx NonProfiledCodeHeapSize                  = 122945536                              {pd product} {ergonomic}
    uintx ProfiledCodeHeapSize                     = 122880000                              {pd product} {ergonomic}
    uintx ReservedCodeCacheSize                    = 251658240                              {pd product} {ergonomic}
     bool SegmentedCodeCache                       = true                                      {product} {ergonomic}
   size_t SoftMaxHeapSize                          = 3164602368                             {manageable} {ergonomic}
     bool UseCompressedOops                        = true                           {product lp64_product} {ergonomic}
     bool UseG1GC                                  = true                                      {product} {ergonomic}
     bool UseLargePagesIndividualAllocation        = false                                  {pd product} {ergonomic}

Logging:
Log output configuration:
 #0: stdout all=warning uptime,level,tags foldmultilines=false
 #1: stderr all=off uptime,level,tags foldmultilines=false

Release file:
IMPLEMENTOR="Eclipse Adoptium" 
IMPLEMENTOR_VERSION="Temurin-25.0.1+8" 
JAVA_RUNTIME_VERSION="25.0.1+8-LTS" 
JAVA_VERSION="25.0.1" 
JAVA_VERSION_DATE="2025-10-21" 
LIBC="default" 
MODULES="java.base java.compiler java.datatransfer java.xml java.prefs java.desktop java.instrument java.logging java.management java.security.sasl java.naming java.rmi java.management.rmi java.net.http java.scripting java.security.jgss java.transaction.xa java.sql java.sql.rowset java.xml.crypto java.se java.smartcardio jdk.accessibility jdk.internal.jvmstat jdk.attach jdk.charsets jdk.internal.opt jdk.zipfs jdk.compiler jdk.crypto.cryptoki jdk.crypto.ec jdk.crypto.mscapi jdk.dynalink jdk.internal.ed jdk.editpad jdk.internal.vm.ci jdk.graal.compiler jdk.graal.compiler.management jdk.hotspot.agent jdk.httpserver jdk.incubator.vector jdk.internal.le jdk.internal.md jdk.jartool jdk.javadoc jdk.jcmd jdk.management jdk.management.agent jdk.jconsole jdk.jdeps jdk.jdwp.agent jdk.jdi jdk.jfr jdk.jlink jdk.jpackage jdk.jshell jdk.jsobject jdk.jstatd jdk.localedata jdk.management.jfr jdk.naming.dns jdk.naming.rmi jdk.net jdk.nio.mapmode jdk.sctp jdk.security.auth jdk.security.jgss jdk.unsupported jdk.unsupported.desktop jdk.xml.dom" 
OS_ARCH="x86_64" 
OS_NAME="Windows" 
SOURCE=".:git:61d6a2c1b35e" 
BUILD_SOURCE="git:839fa0b45d809157cffd3dc8515aad262a4a1776"
BUILD_SOURCE_REPO="https://github.com/adoptium/temurin-build.git"
SOURCE_REPO="https://github.com/adoptium/jdk25u.git"
FULL_VERSION="25.0.1+8-LTS"
SEMANTIC_VERSION="25.0.1+8"
BUILD_INFO="OS: Windows Server 2022 Version: 10.0"
JVM_VARIANT="Hotspot"
JVM_VERSION="25.0.1+8-LTS"
IMAGE_TYPE="JDK"

Environment Variables:
JAVA_HOME=F:\Programs\Apache NetBeans\jdk
PATH=F:\Programs\OracleData\dbhomeXE\bin;F:\Programs\OracleDataBase\dbhomeXE\bin;F:\Python313\Scripts\;F:\Python313\;C:\Program Files (x86)\NVIDIA Corporation\PhysX\Common;C:\Program Files\Common Files\Oracle\Java\javapath;C:\Program Files (x86)\Common Files\Oracle\Java\java8path;C:\Program Files (x86)\Common Files\Oracle\Java\javapath;C:\Windows\system32;C:\Windows;C:\Windows\System32\Wbem;C:\Windows\System32\WindowsPowerShell\v1.0\;C:\Windows\System32\OpenSSH\;C:\Program Files\dotnet\;C:\Program Files (x86)\Microsoft SQL Server\160\Tools\Binn\;C:\Program Files\Microsoft SQL Server\160\Tools\Binn\;C:\Program Files\Microsoft SQL Server\Client SDK\ODBC\170\Tools\Binn\;C:\Program Files\Microsoft SQL Server\160\DTS\Binn\;C:\Program Files\Azure Data Studio\bin;C:\WINDOWS\system32;C:\WINDOWS;C:\WINDOWS\System32\Wbem;C:\WINDOWS\System32\WindowsPowerShell\v1.0\;C:\WINDOWS\System32\OpenSSH\;F:\XAMPP\php;F:\Git\cmd;C:\Program Files\TortoiseSVN\bin;C:\Program Files (x86)\Windows Kits\10\Windows Performance Toolkit\;C:\ProgramData\chocolatey\bin;C:\Program Files\nodejs\;C:\Program Files\Cloudflare\Cloudflare WARP\;C:\Users\LENOVO\AppData\Local\Programs\Python\Launcher\;C:\Users\LENOVO\AppData\Local\Microsoft\WindowsApps;C:\Users\LENOVO\AppData\Local\Programs\Microsoft VS Code\bin;C:\Program Files\Azure Data Studio\bin;F:\XAMPP\php;C:\Users\LENOVO\.dotnet\tools;F:\Faris\Sekolah\PPB\flutter\bin;C:\msys64\ucrt64\bin;C:\Users\LENOVO\AppData\Roaming\npm;F:\Programs\ffmpeg\bin;C:\Users\LENOVO\AppData\Local\Muse Hub\lib;F:\Programs\Antigravity\bin;C:\Users\LENOVO\.fly\bin
USERNAME=LENOVO
OS=Windows_NT
PROCESSOR_IDENTIFIER=Intel64 Family 6 Model 140 Stepping 1, GenuineIntel
TMP=C:\Users\LENOVO\AppData\Local\Temp
TEMP=C:\Users\LENOVO\AppData\Local\Temp




Compilation memory statistics disabled.

Periodic native trim disabled

---------------  S Y S T E M  ---------------

OS:
 Windows 11 , 64 bit Build 22621 (10.0.22621.5415)
OS uptime: 3 days 6:41 hours
Hyper-V role detected

CPU: total 4 (initial active 4) (2 cores per cpu, 2 threads per core) family 6 model 140 stepping 1 microcode 0xba, cx8, cmov, fxsr, ht, mmx, 3dnowpref, sse, sse2, sse3, ssse3, sse4.1, sse4.2, popcnt, lzcnt, tsc, tscinvbit, avx, avx2, aes, erms, clmul, bmi1, bmi2, adx, avx512f, avx512dq, avx512cd, avx512bw, avx512vl, sha, fma, vzeroupper, avx512_vpopcntdq, avx512_vpclmulqdq, avx512_vaes, avx512_vnni, clflush, clflushopt, clwb, avx512_vbmi2, avx512_vbmi, hv, rdtscp, rdpid, fsrm, gfni, avx512_bitalg, f16c, cet_ibt, cet_ss, avx512_ifma
Processor Information for processor 0
  Max Mhz: 2995, Current Mhz: 2995, Mhz Limit: 2995
Processor Information for processor 1
  Max Mhz: 2995, Current Mhz: 2995, Mhz Limit: 2995
Processor Information for processor 2
  Max Mhz: 2995, Current Mhz: 2995, Mhz Limit: 2995
Processor Information for processor 3
  Max Mhz: 2995, Current Mhz: 1198, Mhz Limit: 2995

Memory: 4k page, system-wide physical 12071M (1532M free)
TotalPageFile size 15658M (AvailPageFile size 3M)
current process WorkingSet (physical memory assigned to process): 53M, peak: 53M
current process commit charge ("private bytes"): 277M, peak: 277M

vm_info: OpenJDK 64-Bit Server VM (25.0.1+8-LTS) for windows-amd64 JRE (25.0.1+8-LTS), built on 2025-10-21T00:00:00Z with unknown MS VC++:1942

END.
